Analysis & Synthesis report for RISC-V-Microprocessor
Wed Mar 08 20:17:50 2023
Quartus Prime Version 17.1.0 Build 590 10/25/2017 SJ Lite Edition


---------------------
; Table of Contents ;
---------------------
  1. Legal Notice
  2. Analysis & Synthesis Summary
  3. Analysis & Synthesis Settings
  4. Parallel Compilation
  5. Analysis & Synthesis Source Files Read
  6. Analysis & Synthesis Resource Usage Summary
  7. Analysis & Synthesis Resource Utilization by Entity
  8. General Register Statistics
  9. Port Connectivity Checks: "RISC_PC_32:PC_32"
 10. Port Connectivity Checks: "RISC_CTRL_UNIT:CTRL_UNIT"
 11. Post-Synthesis Netlist Statistics for Top Partition
 12. Elapsed Time Per Partition
 13. Analysis & Synthesis Messages



----------------
; Legal Notice ;
----------------
Copyright (C) 2017  Intel Corporation. All rights reserved.
Your use of Intel Corporation's design tools, logic functions 
and other software and tools, and its AMPP partner logic 
functions, and any output files from any of the foregoing 
(including device programming or simulation files), and any 
associated documentation or information are expressly subject 
to the terms and conditions of the Intel Program License 
Subscription Agreement, the Intel Quartus Prime License Agreement,
the Intel FPGA IP License Agreement, or other applicable license
agreement, including, without limitation, that your use is for
the sole purpose of programming logic devices manufactured by
Intel and sold by Intel or its authorized distributors.  Please
refer to the applicable agreement for further details.



+----------------------------------------------------------------------------------+
; Analysis & Synthesis Summary                                                     ;
+------------------------------------+---------------------------------------------+
; Analysis & Synthesis Status        ; Successful - Wed Mar 08 20:17:50 2023       ;
; Quartus Prime Version              ; 17.1.0 Build 590 10/25/2017 SJ Lite Edition ;
; Revision Name                      ; RISC-V-Microprocessor                       ;
; Top-level Entity Name              ; RISC_V_MP                                   ;
; Family                             ; Cyclone IV E                                ;
; Total logic elements               ; 0                                           ;
;     Total combinational functions  ; 0                                           ;
;     Dedicated logic registers      ; 0                                           ;
; Total registers                    ; 0                                           ;
; Total pins                         ; 2                                           ;
; Total virtual pins                 ; 0                                           ;
; Total memory bits                  ; 0                                           ;
; Embedded Multiplier 9-bit elements ; 0                                           ;
; Total PLLs                         ; 0                                           ;
+------------------------------------+---------------------------------------------+


+-------------------------------------------------------------------------------------------------------------------------+
; Analysis & Synthesis Settings                                                                                           ;
+----------------------------------------------------------------------------+--------------------+-----------------------+
; Option                                                                     ; Setting            ; Default Value         ;
+----------------------------------------------------------------------------+--------------------+-----------------------+
; Top-level entity name                                                      ; RISC_V_MP          ; RISC-V-Microprocessor ;
; Family name                                                                ; Cyclone IV E       ; Cyclone V             ;
; Use smart compilation                                                      ; Off                ; Off                   ;
; Enable parallel Assembler and TimeQuest Timing Analyzer during compilation ; On                 ; On                    ;
; Enable compact report table                                                ; Off                ; Off                   ;
; Restructure Multiplexers                                                   ; Auto               ; Auto                  ;
; Create Debugging Nodes for IP Cores                                        ; Off                ; Off                   ;
; Preserve fewer node names                                                  ; On                 ; On                    ;
; Intel FPGA IP Evaluation Mode                                              ; Enable             ; Enable                ;
; Verilog Version                                                            ; Verilog_2001       ; Verilog_2001          ;
; VHDL Version                                                               ; VHDL_1993          ; VHDL_1993             ;
; State Machine Processing                                                   ; Auto               ; Auto                  ;
; Safe State Machine                                                         ; Off                ; Off                   ;
; Extract Verilog State Machines                                             ; On                 ; On                    ;
; Extract VHDL State Machines                                                ; On                 ; On                    ;
; Ignore Verilog initial constructs                                          ; Off                ; Off                   ;
; Iteration limit for constant Verilog loops                                 ; 5000               ; 5000                  ;
; Iteration limit for non-constant Verilog loops                             ; 250                ; 250                   ;
; Add Pass-Through Logic to Inferred RAMs                                    ; On                 ; On                    ;
; Infer RAMs from Raw Logic                                                  ; On                 ; On                    ;
; Parallel Synthesis                                                         ; On                 ; On                    ;
; DSP Block Balancing                                                        ; Auto               ; Auto                  ;
; NOT Gate Push-Back                                                         ; On                 ; On                    ;
; Power-Up Don't Care                                                        ; On                 ; On                    ;
; Remove Redundant Logic Cells                                               ; Off                ; Off                   ;
; Remove Duplicate Registers                                                 ; On                 ; On                    ;
; Ignore CARRY Buffers                                                       ; Off                ; Off                   ;
; Ignore CASCADE Buffers                                                     ; Off                ; Off                   ;
; Ignore GLOBAL Buffers                                                      ; Off                ; Off                   ;
; Ignore ROW GLOBAL Buffers                                                  ; Off                ; Off                   ;
; Ignore LCELL Buffers                                                       ; Off                ; Off                   ;
; Ignore SOFT Buffers                                                        ; On                 ; On                    ;
; Limit AHDL Integers to 32 Bits                                             ; Off                ; Off                   ;
; Optimization Technique                                                     ; Balanced           ; Balanced              ;
; Carry Chain Length                                                         ; 70                 ; 70                    ;
; Auto Carry Chains                                                          ; On                 ; On                    ;
; Auto Open-Drain Pins                                                       ; On                 ; On                    ;
; Perform WYSIWYG Primitive Resynthesis                                      ; Off                ; Off                   ;
; Auto ROM Replacement                                                       ; On                 ; On                    ;
; Auto RAM Replacement                                                       ; On                 ; On                    ;
; Auto DSP Block Replacement                                                 ; On                 ; On                    ;
; Auto Shift Register Replacement                                            ; Auto               ; Auto                  ;
; Allow Shift Register Merging across Hierarchies                            ; Auto               ; Auto                  ;
; Auto Clock Enable Replacement                                              ; On                 ; On                    ;
; Strict RAM Replacement                                                     ; Off                ; Off                   ;
; Allow Synchronous Control Signals                                          ; On                 ; On                    ;
; Force Use of Synchronous Clear Signals                                     ; Off                ; Off                   ;
; Auto RAM Block Balancing                                                   ; On                 ; On                    ;
; Auto RAM to Logic Cell Conversion                                          ; Off                ; Off                   ;
; Auto Resource Sharing                                                      ; Off                ; Off                   ;
; Allow Any RAM Size For Recognition                                         ; Off                ; Off                   ;
; Allow Any ROM Size For Recognition                                         ; Off                ; Off                   ;
; Allow Any Shift Register Size For Recognition                              ; Off                ; Off                   ;
; Use LogicLock Constraints during Resource Balancing                        ; On                 ; On                    ;
; Ignore translate_off and synthesis_off directives                          ; Off                ; Off                   ;
; Timing-Driven Synthesis                                                    ; On                 ; On                    ;
; Report Parameter Settings                                                  ; On                 ; On                    ;
; Report Source Assignments                                                  ; On                 ; On                    ;
; Report Connectivity Checks                                                 ; On                 ; On                    ;
; Ignore Maximum Fan-Out Assignments                                         ; Off                ; Off                   ;
; Synchronization Register Chain Length                                      ; 2                  ; 2                     ;
; Power Optimization During Synthesis                                        ; Normal compilation ; Normal compilation    ;
; HDL message level                                                          ; Level2             ; Level2                ;
; Suppress Register Optimization Related Messages                            ; Off                ; Off                   ;
; Number of Removed Registers Reported in Synthesis Report                   ; 5000               ; 5000                  ;
; Number of Swept Nodes Reported in Synthesis Report                         ; 5000               ; 5000                  ;
; Number of Inverted Registers Reported in Synthesis Report                  ; 100                ; 100                   ;
; Clock MUX Protection                                                       ; On                 ; On                    ;
; Auto Gated Clock Conversion                                                ; Off                ; Off                   ;
; Block Design Naming                                                        ; Auto               ; Auto                  ;
; SDC constraint protection                                                  ; Off                ; Off                   ;
; Synthesis Effort                                                           ; Auto               ; Auto                  ;
; Shift Register Replacement - Allow Asynchronous Clear Signal               ; On                 ; On                    ;
; Pre-Mapping Resynthesis Optimization                                       ; Off                ; Off                   ;
; Analysis & Synthesis Message Level                                         ; Medium             ; Medium                ;
; Disable Register Merging Across Hierarchies                                ; Auto               ; Auto                  ;
; Resource Aware Inference For Block RAM                                     ; On                 ; On                    ;
+----------------------------------------------------------------------------+--------------------+-----------------------+


+------------------------------------------+
; Parallel Compilation                     ;
+----------------------------+-------------+
; Processors                 ; Number      ;
+----------------------------+-------------+
; Number detected on machine ; 16          ;
; Maximum allowed            ; 8           ;
;                            ;             ;
; Average used               ; 1.00        ;
; Maximum used               ; 1           ;
;                            ;             ;
; Usage by Processor         ; % Time Used ;
;     Processor 1            ; 100.0%      ;
+----------------------------+-------------+


+------------------------------------------------------------------------------------------------------------------------------------------------------------------------+
; Analysis & Synthesis Source Files Read                                                                                                                                 ;
+----------------------------------+-----------------+------------------------+--------------------------------------------------------------------------------+---------+
; File Name with User-Entered Path ; Used in Netlist ; File Type              ; File Name with Absolute Path                                                   ; Library ;
+----------------------------------+-----------------+------------------------+--------------------------------------------------------------------------------+---------+
; RISC_V_MP.v                      ; yes             ; User Verilog HDL File  ; D:/Engineering/IEEE Digital Workshop/RISC-V-Microprocessor/RISC_V_MP.v         ;         ;
; RISC_SGN_XTND.v                  ; yes             ; User Verilog HDL File  ; D:/Engineering/IEEE Digital Workshop/RISC-V-Microprocessor/RISC_SGN_XTND.v     ;         ;
; RISC_REGF_32.v                   ; yes             ; User Verilog HDL File  ; D:/Engineering/IEEE Digital Workshop/RISC-V-Microprocessor/RISC_REGF_32.v      ;         ;
; RISC_PC_32.v                     ; yes             ; User Verilog HDL File  ; D:/Engineering/IEEE Digital Workshop/RISC-V-Microprocessor/RISC_PC_32.v        ;         ;
; RISC_INSTR_MEM_32.v              ; yes             ; User Verilog HDL File  ; D:/Engineering/IEEE Digital Workshop/RISC-V-Microprocessor/RISC_INSTR_MEM_32.v ;         ;
; RISC_DATA_MEM_32.v               ; yes             ; User Verilog HDL File  ; D:/Engineering/IEEE Digital Workshop/RISC-V-Microprocessor/RISC_DATA_MEM_32.v  ;         ;
; RISC_CTRL_UNIT.v                 ; yes             ; User Verilog HDL File  ; D:/Engineering/IEEE Digital Workshop/RISC-V-Microprocessor/RISC_CTRL_UNIT.v    ;         ;
; RISC_ALU_32.v                    ; yes             ; User Verilog HDL File  ; D:/Engineering/IEEE Digital Workshop/RISC-V-Microprocessor/RISC_ALU_32.v       ;         ;
; code.txt                         ; yes             ; Auto-Found File        ; D:/Engineering/IEEE Digital Workshop/RISC-V-Microprocessor/code.txt            ;         ;
+----------------------------------+-----------------+------------------------+--------------------------------------------------------------------------------+---------+


+-----------------------------------------------------+
; Analysis & Synthesis Resource Usage Summary         ;
+---------------------------------------------+-------+
; Resource                                    ; Usage ;
+---------------------------------------------+-------+
;                                             ;       ;
; Total combinational functions               ; 0     ;
; Logic element usage by number of LUT inputs ;       ;
;     -- 4 input functions                    ; 0     ;
;     -- 3 input functions                    ; 0     ;
;     -- <=2 input functions                  ; 0     ;
;                                             ;       ;
; Logic elements by mode                      ;       ;
;     -- normal mode                          ; 0     ;
;     -- arithmetic mode                      ; 0     ;
;                                             ;       ;
; Total registers                             ; 0     ;
;     -- Dedicated logic registers            ; 0     ;
;     -- I/O registers                        ; 0     ;
;                                             ;       ;
; I/O pins                                    ; 2     ;
;                                             ;       ;
; Embedded Multiplier 9-bit elements          ; 0     ;
;                                             ;       ;
; Maximum fan-out node                        ; clk   ;
; Maximum fan-out                             ; 1     ;
; Total fan-out                               ; 2     ;
; Average fan-out                             ; 0.50  ;
+---------------------------------------------+-------+


+----------------------------------------------------------------------------------------------------------------------------------------------------------------------------------------------------------+
; Analysis & Synthesis Resource Utilization by Entity                                                                                                                                                      ;
+----------------------------+---------------------+---------------------------+-------------+--------------+---------+-----------+------+--------------+---------------------+-------------+--------------+
; Compilation Hierarchy Node ; Combinational ALUTs ; Dedicated Logic Registers ; Memory Bits ; DSP Elements ; DSP 9x9 ; DSP 18x18 ; Pins ; Virtual Pins ; Full Hierarchy Name ; Entity Name ; Library Name ;
+----------------------------+---------------------+---------------------------+-------------+--------------+---------+-----------+------+--------------+---------------------+-------------+--------------+
; |RISC_V_MP                 ; 0 (0)               ; 0 (0)                     ; 0           ; 0            ; 0       ; 0         ; 2    ; 0            ; |RISC_V_MP          ; RISC_V_MP   ; work         ;
+----------------------------+---------------------+---------------------------+-------------+--------------+---------+-----------+------+--------------+---------------------+-------------+--------------+
Note: For table entries with two numbers listed, the numbers in parentheses indicate the number of resources of the given type used by the specific entity alone. The numbers listed outside of parentheses indicate the total resources of the given type used by the specific entity and all of its sub-entities in the hierarchy.


+------------------------------------------------------+
; General Register Statistics                          ;
+----------------------------------------------+-------+
; Statistic                                    ; Value ;
+----------------------------------------------+-------+
; Total registers                              ; 0     ;
; Number of registers using Synchronous Clear  ; 0     ;
; Number of registers using Synchronous Load   ; 0     ;
; Number of registers using Asynchronous Clear ; 0     ;
; Number of registers using Asynchronous Load  ; 0     ;
; Number of registers using Clock Enable       ; 0     ;
; Number of registers using Preset             ; 0     ;
+----------------------------------------------+-------+


+----------------------------------------------+
; Port Connectivity Checks: "RISC_PC_32:PC_32" ;
+------+-------+----------+--------------------+
; Port ; Type  ; Severity ; Details            ;
+------+-------+----------+--------------------+
; load ; Input ; Info     ; Stuck at VCC       ;
+------+-------+----------+--------------------+


+------------------------------------------------------------------------------------------------------------------------+
; Port Connectivity Checks: "RISC_CTRL_UNIT:CTRL_UNIT"                                                                   ;
+--------------+--------+----------+-------------------------------------------------------------------------------------+
; Port         ; Type   ; Severity ; Details                                                                             ;
+--------------+--------+----------+-------------------------------------------------------------------------------------+
; ALUControl_3 ; Output ; Info     ; Connected to dangling logic. Logic that only feeds a dangling port will be removed. ;
+--------------+--------+----------+-------------------------------------------------------------------------------------+


+-----------------------------------------------------+
; Post-Synthesis Netlist Statistics for Top Partition ;
+-------------------+---------------------------------+
; Type              ; Count                           ;
+-------------------+---------------------------------+
; boundary_port     ; 2                               ;
;                   ;                                 ;
; Max LUT depth     ; 0.00                            ;
; Average LUT depth ; 0.00                            ;
+-------------------+---------------------------------+


+-------------------------------+
; Elapsed Time Per Partition    ;
+----------------+--------------+
; Partition Name ; Elapsed Time ;
+----------------+--------------+
; Top            ; 00:00:00     ;
+----------------+--------------+


+-------------------------------+
; Analysis & Synthesis Messages ;
+-------------------------------+
Info: *******************************************************************
Info: Running Quartus Prime Analysis & Synthesis
    Info: Version 17.1.0 Build 590 10/25/2017 SJ Lite Edition
    Info: Processing started: Wed Mar 08 20:17:39 2023
Info: Command: quartus_map --read_settings_files=on --write_settings_files=off RISC-V-Microprocessor -c RISC-V-Microprocessor
Warning (18236): Number of processors has not been specified which may cause overloading on shared machines.  Set the global assignment NUM_PARALLEL_PROCESSORS in your QSF to an appropriate value for best performance.
Info (20030): Parallel compilation is enabled and will use 8 of the 8 processors detected
Info (12021): Found 1 design units, including 1 entities, in source file risc_v_mp.v
    Info (12023): Found entity 1: RISC_V_MP File: D:/Engineering/IEEE Digital Workshop/RISC-V-Microprocessor/RISC_V_MP.v Line: 1
Info (12021): Found 1 design units, including 1 entities, in source file risc_sgn_xtnd.v
    Info (12023): Found entity 1: RISC_SGN_XTND File: D:/Engineering/IEEE Digital Workshop/RISC-V-Microprocessor/RISC_SGN_XTND.v Line: 10
Info (12021): Found 1 design units, including 1 entities, in source file risc_regf_32.v
    Info (12023): Found entity 1: RISC_REGF_32 File: D:/Engineering/IEEE Digital Workshop/RISC-V-Microprocessor/RISC_REGF_32.v Line: 10
Info (12021): Found 1 design units, including 1 entities, in source file risc_pc_32.v
    Info (12023): Found entity 1: RISC_PC_32 File: D:/Engineering/IEEE Digital Workshop/RISC-V-Microprocessor/RISC_PC_32.v Line: 10
Info (12021): Found 1 design units, including 1 entities, in source file risc_instr_mem_32.v
    Info (12023): Found entity 1: RISC_INSTR_MEM_32 File: D:/Engineering/IEEE Digital Workshop/RISC-V-Microprocessor/RISC_INSTR_MEM_32.v Line: 10
Info (12021): Found 1 design units, including 1 entities, in source file risc_data_mem_32.v
    Info (12023): Found entity 1: RISC_DATA_MEM_32 File: D:/Engineering/IEEE Digital Workshop/RISC-V-Microprocessor/RISC_DATA_MEM_32.v Line: 10
Info (12021): Found 1 design units, including 1 entities, in source file risc_ctrl_unit.v
    Info (12023): Found entity 1: RISC_CTRL_UNIT File: D:/Engineering/IEEE Digital Workshop/RISC-V-Microprocessor/RISC_CTRL_UNIT.v Line: 10
Info (12021): Found 1 design units, including 1 entities, in source file risc_alu_32.v
    Info (12023): Found entity 1: RISC_ALU_32 File: D:/Engineering/IEEE Digital Workshop/RISC-V-Microprocessor/RISC_ALU_32.v Line: 10
Info (12127): Elaborating entity "RISC_V_MP" for the top level hierarchy
Info (12128): Elaborating entity "RISC_ALU_32" for hierarchy "RISC_ALU_32:ALU" File: D:/Engineering/IEEE Digital Workshop/RISC-V-Microprocessor/RISC_V_MP.v Line: 33
Info (12128): Elaborating entity "RISC_CTRL_UNIT" for hierarchy "RISC_CTRL_UNIT:CTRL_UNIT" File: D:/Engineering/IEEE Digital Workshop/RISC-V-Microprocessor/RISC_V_MP.v Line: 35
Info (12128): Elaborating entity "RISC_DATA_MEM_32" for hierarchy "RISC_DATA_MEM_32:DATA_MEM" File: D:/Engineering/IEEE Digital Workshop/RISC-V-Microprocessor/RISC_V_MP.v Line: 37
Info (12128): Elaborating entity "RISC_INSTR_MEM_32" for hierarchy "RISC_INSTR_MEM_32:INSTR_MEM_32" File: D:/Engineering/IEEE Digital Workshop/RISC-V-Microprocessor/RISC_V_MP.v Line: 39
Warning (10850): Verilog HDL warning at RISC_INSTR_MEM_32.v(22): number of words (21) in memory file does not match the number of elements in the address range [0:63] File: D:/Engineering/IEEE Digital Workshop/RISC-V-Microprocessor/RISC_INSTR_MEM_32.v Line: 22
Warning (10030): Net "memoryArray.data_a" at RISC_INSTR_MEM_32.v(15) has no driver or initial value, using a default initial value '0' File: D:/Engineering/IEEE Digital Workshop/RISC-V-Microprocessor/RISC_INSTR_MEM_32.v Line: 15
Warning (10030): Net "memoryArray.waddr_a" at RISC_INSTR_MEM_32.v(15) has no driver or initial value, using a default initial value '0' File: D:/Engineering/IEEE Digital Workshop/RISC-V-Microprocessor/RISC_INSTR_MEM_32.v Line: 15
Warning (10030): Net "memoryArray.we_a" at RISC_INSTR_MEM_32.v(15) has no driver or initial value, using a default initial value '0' File: D:/Engineering/IEEE Digital Workshop/RISC-V-Microprocessor/RISC_INSTR_MEM_32.v Line: 15
Info (12128): Elaborating entity "RISC_PC_32" for hierarchy "RISC_PC_32:PC_32" File: D:/Engineering/IEEE Digital Workshop/RISC-V-Microprocessor/RISC_V_MP.v Line: 41
Info (12128): Elaborating entity "RISC_REGF_32" for hierarchy "RISC_REGF_32:REGF_32" File: D:/Engineering/IEEE Digital Workshop/RISC-V-Microprocessor/RISC_V_MP.v Line: 43
Info (12128): Elaborating entity "RISC_SGN_XTND" for hierarchy "RISC_SGN_XTND:SGN_XTND" File: D:/Engineering/IEEE Digital Workshop/RISC-V-Microprocessor/RISC_V_MP.v Line: 45
Info (16010): Generating hard_block partition "hard_block:auto_generated_inst"
    Info (16011): Adding 0 node(s), including 0 DDIO, 0 PLL, 0 transceiver and 0 LCELL
Warning (21074): Design contains 2 input pin(s) that do not drive logic
    Warning (15610): No output dependent on input pin "clk" File: D:/Engineering/IEEE Digital Workshop/RISC-V-Microprocessor/RISC_V_MP.v Line: 2
    Warning (15610): No output dependent on input pin "areset" File: D:/Engineering/IEEE Digital Workshop/RISC-V-Microprocessor/RISC_V_MP.v Line: 4
Info (21057): Implemented 2 device resources after synthesis - the final resource count might be different
    Info (21058): Implemented 2 input pins
    Info (21059): Implemented 0 output pins
Info: Quartus Prime Analysis & Synthesis was successful. 0 errors, 8 warnings
    Info: Peak virtual memory: 4737 megabytes
    Info: Processing ended: Wed Mar 08 20:17:50 2023
    Info: Elapsed time: 00:00:11
    Info: Total CPU time (on all processors): 00:00:11


